proguard/seeds.txt
com.mwcorp.costs.About
com.mwcorp.costs.About: About()
com.mwcorp.costs.About: void onClickOtherApp(android.view.View)
com.mwcorp.costs.About: void onClickDiary(android.view.View)
com.mwcorp.costs.About: void onClickFeedback(android.view.View)
com.mwcorp.costs.App
com.mwcorp.costs.App: App()
com.mwcorp.costs.Cur
com.mwcorp.costs.Cur: Cur()
com.mwcorp.costs.Cur: void onClick_cur_add(android.view.View)
com.mwcorp.costs.Cur: void onClick_cur_del(android.view.View)
com.mwcorp.costs.CurEdit
com.mwcorp.costs.CurEdit: CurEdit()
com.mwcorp.costs.CurEdit: void onClick_save(android.view.View)
com.mwcorp.costs.MainActivity
com.mwcorp.costs.MainActivity: MainActivity()
com.mwcorp.costs.MainActivity: void onClick(android.view.View)
com.mwcorp.costs.MainActivity$10: void onClick(android.content.DialogInterface,int)
com.mwcorp.costs.MainActivity$11: void onClick(android.content.DialogInterface,int)
com.mwcorp.costs.MainActivity$13: void onClick(android.view.View)
com.mwcorp.costs.Newrecord
com.mwcorp.costs.Newrecord: Newrecord()
com.mwcorp.costs.Newrecord: void onClick(android.view.View)
com.mwcorp.costs.Newrecord$4: void onClick(android.view.View)
com.mwcorp.costs.PrefActMain
com.mwcorp.costs.PrefActMain: PrefActMain()
com.mwcorp.costs.PrefActSetToolbar
com.mwcorp.costs.PrefActSetToolbar: PrefActSetToolbar()
com.mwcorp.costs.PrefActSetToolbar: void onClick(android.view.View)
com.mwcorp.costs.PrefActSetToolbar$2: void onClick(android.view.View)
...
com.google.android.gms.ads.internal.request.StringParcel
com.google.android.gms.ads.internal.request.StringParcel: android.os.Parcelable$Creator CREATOR
com.google.android.gms.ads.internal.util.client.VersionInfoParcel
com.google.android.gms.ads.internal.zza$2: void onClick(android.view.View)
com.google.android.gms.ads.purchase.InAppPurchaseActivity
com.google.android.gms.ads.search.SearchAdView
com.google.android.gms.ads.search.SearchAdView: SearchAdView(android.content.Context,android.util.AttributeSet)
com.google.android.gms.ads.search.SearchAdView: SearchAdView(android.content.Context,android.util.AttributeSet,int)
com.google.android.gms.common.ConnectionResult
com.google.android.gms.common.SignInButton
com.google.android.gms.common.SignInButton: SignInButton(android.content.Context,android.util.AttributeSet)
com.google.android.gms.common.SignInButton: SignInButton(android.content.Context,android.util.AttributeSet,int)
com.google.android.gms.common.SignInButton: void onClick(android.view.View)
com.google.android.gms.common.api.Scope
com.google.android.gms.common.api.Scope: android.os.Parcelable$Creator CREATOR
com.google.android.gms.common.api.Status
com.google.android.gms.common.data.BitmapTeleporter
com.google.android.gms.common.data.BitmapTeleporter: android.os.Parcelable$Creator CREATOR
com.google.android.gms.common.data.DataHolder
com.google.android.gms.common.images.ImageManager$ImageReceiver
com.google.android.gms.common.images.WebImage
com.google.android.gms.common.images.WebImage: android.os.Parcelable$Creator CREATOR
com.google.android.gms.common.internal.AuthAccountRequest
com.google.android.gms.common.internal.AuthAccountRequest: android.os.Parcelable$Creator CREATOR
com.google.android.gms.common.internal.BinderWrapper
com.google.android.gms.common.internal.BinderWrapper: android.os.Parcelable$Creator CREATOR
com.google.android.gms.common.internal.DowngradeableSafeParcel
com.google.android.gms.common.internal.GetServiceRequest
com.google.android.gms.common.internal.GetServiceRequest: android.os.Parcelable$Creator CREATOR
com.google.android.gms.common.internal.ResolveAccountRequest
com.google.android.gms.common.internal.ResolveAccountRequest: android.os.Parcelable$Creator CREATOR
com.google.android.gms.common.internal.ResolveAccountResponse
com.google.android.gms.common.internal.ResolveAccountResponse: android.os.Parcelable$Creator CREATOR
com.google.android.gms.common.internal.ValidateAccountRequest
com.google.android.gms.common.internal.ValidateAccountRequest: android.os.Parcelable$Creator CREATOR
com.google.android.gms.common.internal.safeparcel.SafeParcelable
com.google.android.gms.common.internal.zzg: void onClick(android.content.DialogInterface,int)
com.google.android.gms.common.internal.zzz
com.google.android.gms.common.internal.zzz: zzz(android.content.Context,android.util.AttributeSet)
com.google.android.gms.common.server.FavaDiagnosticsEntity
com.google.android.gms.common.server.converter.ConverterWrapper
com.google.android.gms.common.server.converter.StringToIntConverter
com.google.android.gms.common.server.converter.StringToIntConverter$Entry
com.google.android.gms.common.server.response.FastJsonResponse$Field
com.google.android.gms.common.server.response.FastSafeParcelableJsonResponse
com.google.android.gms.common.server.response.FieldMappingDictionary
com.google.android.gms.common.server.response.FieldMappingDictionary$Entry
com.google.android.gms.common.server.response.FieldMappingDictionary$FieldMapPair
com.google.android.gms.common.server.response.SafeParcelResponse
com.google.android.gms.common.stats.ConnectionEvent
com.google.android.gms.common.stats.ConnectionEvent: android.os.Parcelable$Creator CREATOR
com.google.android.gms.dynamic.zza$5: void onClick(android.view.View)
com.google.android.gms.internal.zza: com.google.android.gms.internal.zza[] values()
com.google.android.gms.internal.zza: com.google.android.gms.internal.zza valueOf(java.lang.String)