proguard/mapping.txt
com.mwcorp.costs.About -> com.mwcorp.costs.About:
    com.mwcorp.costs.About inst -> a
    void <init>() -> <init>
    void onCreate(android.os.Bundle) -> onCreate
    void onPause() -> onPause
    void onResume() -> onResume
    void onDestroy() -> onDestroy
    void onClickOtherApp(android.view.View) -> onClickOtherApp
    void onClickDiary(android.view.View) -> onClickDiary
    void onClickFeedback(android.view.View) -> onClickFeedback
    void onBackPressed() -> onBackPressed
com.mwcorp.costs.Ads -> com.mwcorp.costs.a:
    java.lang.String debug_id_device -> a
    com.google.android.gms.ads.AdView m_ads -> b
    int count_failed_load -> c
    android.widget.LinearLayout llad -> d
    void <clinit>() -> <clinit>
    void show(android.content.Context,int) -> a
    void loadAds(com.google.android.gms.ads.AdView) -> a
    java.lang.String getmd5(java.lang.String) -> a
com.mwcorp.costs.Ads$1 -> com.mwcorp.costs.b:
    void <init>() -> <init>
    void onAdLoaded() -> a
    void onAdClosed() -> c
    void onAdLeftApplication() -> d
    void onAdFailedToLoad(int) -> a
com.mwcorp.costs.App -> com.mwcorp.costs.App:
    void <init>() -> <init>
    void onCreate() -> onCreate
    void onConfigurationChanged(android.content.res.Configuration) -> onConfigurationChanged
com.mwcorp.costs.Cur -> com.mwcorp.costs.Cur:
    android.widget.ListView lv -> a
    android.widget.LinearLayout toppanel -> b
    android.widget.Button del -> c
    android.widget.Button add -> d
    com.mwcorp.costs.Cur inst -> e
    boolean fl_del -> f
    java.util.ArrayList mList -> i
    android.widget.AdapterView$OnItemClickListener itemClickListener -> g
    android.widget.AdapterView$OnItemLongClickListener itemLongClickListener -> h
    void <init>() -> <init>
    void onCreate(android.os.Bundle) -> onCreate
    void onPause() -> onPause
    void onResume() -> onResume
    void onDestroy() -> onDestroy
    void view() -> a
    void setItemIdAndColor(android.view.View) -> a
    void onClick_cur_add(android.view.View) -> onClick_cur_add
    void onClick_cur_del(android.view.View) -> onClick_cur_del
    void runCurEdit(int) -> a
    void onBackPressed() -> onBackPressed
    int getSimpleAdapter() -> b
com.mwcorp.costs.Cur$1 -> com.mwcorp.costs.c:
    com.mwcorp.costs.Cur this$0 -> a
    void <init>(com.mwcorp.costs.Cur) -> <init>
    void onItemClick(android.widget.AdapterView,android.view.View,int,long) -> onItemClick
com.mwcorp.costs.Cur$2 -> com.mwcorp.costs.d:
    com.mwcorp.costs.Cur this$0 -> a
    void <init>(com.mwcorp.costs.Cur) -> <init>
    boolean onItemLongClick(android.widget.AdapterView,android.view.View,int,long) -> onItemLongClick
com.mwcorp.costs.Cur$3 -> com.mwcorp.costs.e:
    com.mwcorp.costs.Cur this$0 -> a
    void <init>(com.mwcorp.costs.Cur) -> <init>
    int OnObserver$2838e5a0(java.lang.Object) -> a
com.mwcorp.costs.CurEdit -> com.mwcorp.costs.CurEdit:
    com.mwcorp.costs.CurEdit inst -> a
    java.lang.String symb_begin -> b
    java.lang.String name_begin -> c
    java.lang.String kurs_begin -> d
    boolean base_begin -> e
    android.widget.EditText symb -> f
    android.widget.EditText name -> g
    android.widget.EditText kurs -> h
    android.widget.CheckBox base -> i
    android.view.View$OnKeyListener et_onKeyListener -> j
    void <init>() -> <init>
    void onCreate(android.os.Bundle) -> onCreate
    void onPause() -> onPause
    void onResume() -> onResume
    void onDestroy() -> onDestroy
    void onClick_save(android.view.View) -> onClick_save
    void onBackPressed() -> onBackPressed
    void preSave() -> a
com.mwcorp.costs.CurEdit$1 -> com.mwcorp.costs.f:
    com.mwcorp.costs.CurEdit this$0 -> a
    void <init>(com.mwcorp.costs.CurEdit) -> <init>
    boolean onKey(android.view.View,int,android.view.KeyEvent) -> onKey
com.mwcorp.costs.CurEdit$2 -> com.mwcorp.costs.g:
    com.mwcorp.costs.CurEdit this$0 -> a
    void <init>(com.mwcorp.costs.CurEdit) -> <init>
    int OnObserver$2838e5a0(java.lang.Object) -> a
...
com.google.android.gms.ads.identifier.AdvertisingIdClient -> com.google.android.gms.ads.b.a:
    com.google.android.gms.common.zza zzmf -> a
    com.google.android.gms.internal.zzs zzmg -> b
    boolean zzmh -> c
    java.lang.Object zzmi -> d
    com.google.android.gms.ads.identifier.AdvertisingIdClient$zza zzmj -> e
    android.content.Context mContext -> g
    long zzmk -> f
    void <init>(android.content.Context) -> <init>
    void <init>(android.content.Context,long) -> <init>
    void start() -> a
    void zzb(boolean) -> a
    void zzad() -> d
    com.google.android.gms.ads.identifier.AdvertisingIdClient$Info getInfo() -> b
    void finish() -> c
    void finalize() -> finalize
    com.google.android.gms.common.zza zzj(android.content.Context) -> b
    com.google.android.gms.ads.identifier.AdvertisingIdClient$Info getAdvertisingIdInfo(android.content.Context) -> a
    com.google.android.gms.internal.zzs zza$75d8d153(com.google.android.gms.common.zza) -> a
com.google.android.gms.ads.identifier.AdvertisingIdClient$Info -> com.google.android.gms.ads.b.b:
    java.lang.String zzmp -> a
    boolean zzmq -> b
    void <init>(java.lang.String,boolean) -> <init>
    java.lang.String getId() -> a
    boolean isLimitAdTrackingEnabled() -> b
    java.lang.String toString() -> toString
com.google.android.gms.ads.identifier.AdvertisingIdClient$zza -> com.google.android.gms.ads.b.c:
    java.lang.ref.WeakReference zzml -> c
    long zzmm -> d
    java.util.concurrent.CountDownLatch zzmn -> a
    boolean zzmo -> b
    void <init>(com.google.android.gms.ads.identifier.AdvertisingIdClient,long) -> <init>
    void disconnect() -> a
    void run() -> run
com.google.android.gms.ads.internal.InterstitialAdParameterParcel -> com.google.android.gms.ads.internal.InterstitialAdParameterParcel:
    com.google.android.gms.ads.internal.zze CREATOR -> a
    int versionCode -> b
    boolean zznf -> c
    boolean zznt -> d
    void <init>(boolean,boolean) -> <init>
    void <init>(int,boolean,boolean) -> <init>
    int describeContents() -> describeContents
    void writeToParcel(android.os.Parcel,int) -> writeToParcel
    void <clinit>() -> <clinit>
com.google.android.gms.ads.internal.client.AdRequestParcel -> com.google.android.gms.ads.internal.client.AdRequestParcel:
    com.google.android.gms.ads.internal.client.zze CREATOR -> a
    int versionCode -> b
    long zzpI -> c
    android.os.Bundle extras -> d
    int zzpJ -> e
    java.util.List zzpK -> f
    boolean zzpL -> g
    int zzpM -> h
    boolean zzpN -> i
    java.lang.String zzpO -> j
    com.google.android.gms.ads.internal.client.SearchAdRequestParcel zzpP -> k
    android.location.Location zzpQ -> l
    java.lang.String zzpR -> m
    android.os.Bundle zzpS -> n
    android.os.Bundle zzpT -> o
    java.util.List zzpU -> p
    java.lang.String zzpV -> q
    void <init>(int,long,android.os.Bundle,int,java.util.List,boolean,int,boolean,java.lang.String,com.google.android.gms.ads.internal.client.SearchAdRequestParcel,android.location.Location,java.lang.String,android.os.Bundle,android.os.Bundle,java.util.List,java.lang.String) -> <init>
    int describeContents() -> describeContents
    void writeToParcel(android.os.Parcel,int) -> writeToParcel
    void <clinit>() -> <clinit>