proguard/usage.txt
com.mwcorp.costs.About:
    65:67:public void onClick1(android.view.View)
com.mwcorp.costs.Ads:
    19:19:Ads()
    143:143:public static void destroy()
    149:149:public static void pause()
    151:156:public static void resume()
com.mwcorp.costs.BuildConfig
com.mwcorp.costs.MainActivity:
    public static final java.lang.String VERS
    public static final java.lang.String SLASH
    android.widget.TextView tvpath
    991:991:public void kbdHide()
com.mwcorp.costs.R
com.mwcorp.costs.R$array
com.mwcorp.costs.R$attr
com.mwcorp.costs.R$color
com.mwcorp.costs.R$dimen
com.mwcorp.costs.R$drawable
com.mwcorp.costs.R$id
com.mwcorp.costs.R$integer
com.mwcorp.costs.R$layout
com.mwcorp.costs.R$menu
com.mwcorp.costs.R$raw
com.mwcorp.costs.R$string
com.mwcorp.costs.R$style
com.mwcorp.costs.R$styleable
com.mwcorp.costs.R$xml
com.mwcorp.costs.an:
    12:12:public an()
    187:205:public static boolean checkFormat(java.lang.String)
    218:233:public static boolean wordseparator(java.lang.String)
com.mwcorp.costs.rec:
    static com.mwcorp.costs.rec inst
    38:42:public rec()
    244:250:public static java.lang.String[] convertArrayListToArray(java.util.ArrayList)
com.mwcorp.costs.st:
    public static final boolean DEBUG
    public static final java.lang.String TAG
    private static final int MAX_STACK_STRING
    public static final java.lang.String SAVE_CRASH
    private static final java.lang.String CAUSED_BY
    46:46:public st()
    333:333:public static boolean CurCheckRecord(com.mwcorp.costs.var$myCur)
    587:587:public static int getDisplayWidth(android.content.Context)
    591:591:public static int getDisplayHeight(android.content.Context)
    595:595:public static float screenDensity(android.content.Context)
    614:614:public static boolean isEven(float)
    628:629:public static void help(int,android.content.Context)
    648:667:public static java.lang.String getKBString(long)
com.mwcorp.costs.st$UniObserver:
    java.lang.Object m_param1
    59:63:public st$UniObserver(java.lang.Object,java.lang.Object)
    69:69:public int Observ()
com.mwcorp.costs.th:
    public static final int ALERT_WINDOW_BACK
    public static final int ALERT_WINDOW_TEXT_LIST_BUTTON
    public static final int ALERT_WINDOW_BUTTON_TEXT
    public static final int ALERT_EDITTEXT
    public static final int MAIN_TOP_PANEL_BACK
    public static final int MAIN_BUTTON_TEXT_TOP_PANEL
    public static final int MAIN_LISTVIEW_NOTSELECT
    public static final int MAIN_LISTVIEW_SELECT
    public static final int EDITCURRENCY_BACK
    public static final int EDITCURRENCY_EDITTEXT_BACK
    public static final int EDITCURRENCY_EDITTEXT_TEXTVIEW
    public static final int EDITCURRENCY_EDITTEXT_TEXT
    public static final int NEWREC_TOPPANEL
    public static final int NEWREC_TOPPANEL_SUM_TEXT
    public static final int NEWREC_TOOLBAR_BACK
    public static final int NEWREC_EDITTEXT_BACK
    public static final int NEWREC_EDITTEXT_TEXT
    public static final int NEWREC_TOOLBAR_BUTTON_TEXT
    public static final int NEWREC_TOOLBAR_BACK_RES_ROUND_BUTTON
    public static final int PREF_ACTIVITY_BACK
    public static final int PREF_ACTIVITY_MAIN_TEXT
    public static final int PREF_ACTIVITY_DESC_TEXT
    public static final int ABOUT_BACK
    public static final int ABOUT_TEXT_BACK
    public static final int ABOUT_TEXT
    public static final int ABOUT_TEXT_DESC
    public static final int ABOUT_VERSION
    public static final int ABOUT_BUTTON_TEXT
    14:14:public th()
com.mwcorp.costs.var:
    8:8:public var()
...
com.google.android.gms.common.api.PendingResults$zzb
com.google.android.gms.common.api.Releasable
com.google.android.gms.common.api.Result
com.google.android.gms.common.api.ResultCallback:
    public abstract void onResult(com.google.android.gms.common.api.Result)
com.google.android.gms.common.api.Scope:
    public Scope(java.lang.String)
com.google.android.gms.common.api.Status:
    public Status(int,java.lang.String,android.app.PendingIntent)
    public void startResolutionForResult(android.app.Activity,int)
    public boolean hasResolution()
    public boolean isSuccess()
    public boolean isCanceled()
    public boolean isInterrupted()
    public android.app.PendingIntent getResolution()
    public com.google.android.gms.common.api.Status getStatus()
com.google.android.gms.common.api.StatusCreator:
    public static final int CONTENT_DESCRIPTION
com.google.android.gms.common.api.zza
com.google.android.gms.common.api.zza$zza
com.google.android.gms.common.api.zza$zzb
com.google.android.gms.common.api.zzb
com.google.android.gms.common.api.zzc
com.google.android.gms.common.api.zzd
com.google.android.gms.common.api.zze
com.google.android.gms.common.api.zze$1
com.google.android.gms.common.api.zze$zza
com.google.android.gms.common.api.zze$zza$1
com.google.android.gms.common.api.zze$zzb
com.google.android.gms.common.api.zze$zzb$1
com.google.android.gms.common.api.zze$zzc
com.google.android.gms.common.api.zze$zzd
com.google.android.gms.common.api.zzf
com.google.android.gms.common.api.zzg
com.google.android.gms.common.api.zzg$1
com.google.android.gms.common.api.zzg$2
com.google.android.gms.common.api.zzg$3
com.google.android.gms.common.api.zzg$4
com.google.android.gms.common.api.zzg$5
com.google.android.gms.common.api.zzg$6
com.google.android.gms.common.api.zzg$7
com.google.android.gms.common.api.zzg$zza
com.google.android.gms.common.api.zzg$zzb
com.google.android.gms.common.api.zzg$zzc
com.google.android.gms.common.api.zzg$zzd
com.google.android.gms.common.api.zzg$zze
com.google.android.gms.common.api.zzh
com.google.android.gms.common.api.zzi
com.google.android.gms.common.api.zzi$zza
com.google.android.gms.common.api.zzi$zzb
com.google.android.gms.common.api.zzk
com.google.android.gms.common.api.zzl
com.google.android.gms.common.api.zzl$zza
com.google.android.gms.common.api.zzl$zzb
com.google.android.gms.common.api.zzm
com.google.android.gms.common.api.zzm$1
com.google.android.gms.common.api.zzm$zza
com.google.android.gms.common.api.zzm$zzb
com.google.android.gms.common.api.zzm$zzc
com.google.android.gms.common.data.AbstractDataBuffer
com.google.android.gms.common.data.BitmapTeleporter:
    public BitmapTeleporter(android.graphics.Bitmap)
    public android.graphics.Bitmap zzln()
    public void release()
    public void zzc(java.io.File)
com.google.android.gms.common.data.DataBuffer
com.google.android.gms.common.data.DataBufferObserver
com.google.android.gms.common.data.DataBufferObserver$Observable
com.google.android.gms.common.data.DataBufferObserverSet
com.google.android.gms.common.data.DataBufferUtils